

times in msec
 clock   self+sourced   self:  sourced script
 clock   elapsed:              other lines

000.008  000.008: --- VIM STARTING ---
000.148  000.140: Allocated generic buffers
000.281  000.133: locale set
000.303  000.022: GUI prepared
000.307  000.004: clipboard setup
000.317  000.010: window checked
000.944  000.627: inits 1
000.955  000.011: parsing arguments
000.956  000.001: expanding arguments
000.973  000.017: shell init
001.712  000.739: xsmp init
005.004  003.292: Termcap init
005.051  000.047: inits 2
005.141  000.090: init highlight
005.388  000.162  000.162: sourcing /usr/share/vim/vimfiles/archlinux.vim
005.432  000.262  000.100: sourcing /etc/vimrc
005.730  000.067  000.067: sourcing /usr/share/vim/vim73/ftoff.vim
006.047  000.226  000.226: sourcing /usr/share/vim/vimfiles/autoload/vundle.vim
006.353  000.168  000.168: sourcing /usr/share/vim/vimfiles/autoload/vundle/config.vim
058.301  052.759  052.298: sourcing /home/roberto/.vim/bundles.vim
058.940  000.164  000.164: sourcing /usr/share/vim/vim73/syntax/syncolor.vim
059.191  000.599  000.435: sourcing /usr/share/vim/vim73/syntax/synload.vim
072.918  000.668  000.668: sourcing /home/roberto/.vim/bundle/vim-ruby/ftdetect/ruby.vim
073.009  000.050  000.050: sourcing /home/roberto/.vim/bundle/vim-tmux/ftdetect/tmux.vim
073.072  000.029  000.029: sourcing /home/roberto/.vim/bundle/Puppet-Syntax-Highlighting/ftdetect/puppet.vim
073.171  000.063  000.063: sourcing /home/roberto/.vim/bundle/vim-cucumber/ftdetect/cucumber.vim
073.303  000.097  000.097: sourcing /home/roberto/.vim/bundle/vim-haml/ftdetect/haml.vim
073.447  000.111  000.111: sourcing /home/roberto/.vim/bundle/vim-markdown/ftdetect/markdown.vim
073.637  000.153  000.153: sourcing /home/roberto/.vim/bundle/vim-coffee-script/ftdetect/coffee.vim
073.686  000.030  000.030: sourcing /home/roberto/.vim/bundle/vim-coffee-script/ftdetect/eco.vim
073.755  000.030  000.030: sourcing /home/roberto/.vim/bundle/jade.vim/ftdetect/jade.vim
073.844  000.057  000.057: sourcing /home/roberto/.vim/bundle/vim-stylus/ftdetect/stylus.vim
073.905  000.031  000.031: sourcing /home/roberto/.vim/bundle/VimClojure/ftdetect/clojure.vim
073.968  000.033  000.033: sourcing /home/roberto/.vim/bundle/vim-slim/ftdetect/slim.vim
074.157  000.055  000.055: sourcing /usr/share/vim/vimfiles/ftdetect/PKGBUILD.vim
074.229  000.056  000.056: sourcing /usr/share/vim/vimfiles/ftdetect/conkyrc.vim
074.296  000.052  000.052: sourcing /usr/share/vim/vimfiles/ftdetect/snippets.vim
074.713  015.351  013.836: sourcing /usr/share/vim/vim73/filetype.vim
074.900  016.502  000.552: sourcing /usr/share/vim/vim73/syntax/syntax.vim
075.076  000.009  000.009: sourcing /usr/share/vim/vim73/filetype.vim
075.424  000.033  000.033: sourcing /usr/share/vim/vim73/ftplugin.vim
075.767  000.030  000.030: sourcing /usr/share/vim/vim73/indent.vim
088.278  001.182  001.182: sourcing /usr/share/vim/vim73/macros/matchit.vim
088.318  029.979  012.223: sourcing /home/roberto/.vim/global.vim
092.119  003.348  003.348: sourcing /home/roberto/.vim/bundle/ctrlp.vim/autoload/ctrlp.vim
092.552  000.329  000.329: sourcing /home/roberto/.vim/bundle/ctrlp.vim/autoload/ctrlp/utils.vim
093.263  004.888  001.211: sourcing /home/roberto/.vim/plugins.vim
093.305  000.014  000.014: sourcing /home/roberto/.vim/macros.vim
093.367  000.035  000.035: sourcing /home/roberto/.vim/before.vim
093.797  000.147  000.147: sourcing /usr/share/vim/vim73/syntax/syncolor.vim
094.560  000.146  000.146: sourcing /usr/share/vim/vim73/syntax/syncolor.vim
095.131  000.143  000.143: sourcing /usr/share/vim/vim73/syntax/syncolor.vim
095.669  000.145  000.145: sourcing /usr/share/vim/vim73/syntax/syncolor.vim
095.943  001.768  001.334: sourcing /usr/share/vim/vim73/colors/railscasts2.vim
095.957  090.455  000.865: sourcing $HOME/.vimrc
095.962  000.104: sourcing vimrc file(s)
107.443  000.088  000.088: sourcing /home/roberto/.vim/bundle/nerdtree/nerdtree_plugin/exec_menuitem.vim
107.811  000.337  000.337: sourcing /home/roberto/.vim/bundle/nerdtree/nerdtree_plugin/fs_menu.vim
108.316  000.013  000.013: sourcing /usr/share/vim/vimfiles/nerdtree_plugin/exec_menuitem.vim
108.364  000.012  000.012: sourcing /usr/share/vim/vimfiles/nerdtree_plugin/fs_menu.vim
108.884  012.857  012.407: sourcing /home/roberto/.vim/bundle/nerdtree/plugin/NERD_tree.vim
112.852  003.917  003.917: sourcing /home/roberto/.vim/bundle/nerdcommenter/plugin/NERD_commenter.vim
113.269  000.192  000.192: sourcing /home/roberto/.vim/bundle/ctrlp.vim/autoload/ctrlp/mrufiles.vim
113.560  000.647  000.455: sourcing /home/roberto/.vim/bundle/ctrlp.vim/plugin/ctrlp.vim
114.417  000.263  000.263: sourcing /home/roberto/.vim/bundle/AutoComplPop/autoload/acp.vim
114.612  000.995  000.732: sourcing /home/roberto/.vim/bundle/AutoComplPop/plugin/acp.vim
115.218  000.550  000.550: sourcing /home/roberto/.vim/bundle/taglist.vim/plugin/taglist.vim
118.560  003.284  003.284: sourcing /home/roberto/.vim/bundle/YankRing.vim/plugin/yankring.vim
122.926  004.309  004.309: sourcing /home/roberto/.vim/bundle/vim-fugitive/plugin/fugitive.vim
123.861  000.878  000.878: sourcing /home/roberto/.vim/bundle/syntastic/plugin/syntastic.vim
124.456  000.539  000.539: sourcing /home/roberto/.vim/bundle/snipmate.vim/plugin/snipMate.vim
124.969  000.452  000.452: sourcing /home/roberto/.vim/bundle/vim-surround/plugin/surround.vim
127.203  002.162  002.162: sourcing /home/roberto/.vim/bundle/vim-align/plugin/AlignMapsPlugin.vim
127.305  000.079  000.079: sourcing /home/roberto/.vim/bundle/vim-align/plugin/AlignPlugin.vim
127.674  000.348  000.348: sourcing /home/roberto/.vim/bundle/vim-align/plugin/cecutil.vim
127.884  000.154  000.154: sourcing /home/roberto/.vim/bundle/ack.vim/plugin/ack.vim
128.016  000.076  000.076: sourcing /home/roberto/.vim/bundle/vim-indentobject/plugin/indentobject.vim
128.296  000.228  000.228: sourcing /home/roberto/.vim/bundle/greplace.vim/plugin/greplace.vim
128.558  000.209  000.209: sourcing /home/roberto/.vim/bundle/vim-powerline/plugin/Powerline.vim
128.735  000.119  000.119: sourcing /home/roberto/.vim/bundle/threesome.vim/plugin/threesome.vim
129.036  000.152  000.152: sourcing /home/roberto/.vim/bundle/Indent-Guides/autoload/indent_guides.vim
129.263  000.478  000.326: sourcing /home/roberto/.vim/bundle/Indent-Guides/plugin/indent_guides.vim
129.576  000.258  000.258: sourcing /home/roberto/.vim/bundle/vim-endwise/plugin/endwise.vim
132.502  002.874  002.874: sourcing /home/roberto/.vim/bundle/delimitMate/plugin/delimitMate.vim
133.298  000.736  000.736: sourcing /home/roberto/.vim/bundle/calendar.vim--Matsumoto/plugin/calendar.vim
133.617  000.256  000.256: sourcing /home/roberto/.vim/bundle/NrrwRgn/plugin/NrrwRgn.vim
134.729  001.030  001.030: sourcing /home/roberto/.vim/bundle/utl.vim/plugin/utl.vim
134.941  000.184  000.184: sourcing /home/roberto/.vim/bundle/utl.vim/plugin/utl_rc.vim
135.339  000.376  000.376: sourcing /home/roberto/.vim/bundle/utl.vim/plugin/utl_scm.vim
135.533  000.166  000.166: sourcing /home/roberto/.vim/bundle/utl.vim/plugin/utl_uri.vim
135.647  000.047  000.047: sourcing /home/roberto/.vim/bundle/gundo.vim/plugin/gundo.vim
135.852  000.151  000.151: sourcing /home/roberto/.vim/bundle/switch.vim/plugin/switch.vim
136.221  000.314  000.314: sourcing /home/roberto/.vim/bundle/vim-rails/plugin/rails.vim
137.412  001.139  001.139: sourcing /home/roberto/.vim/bundle/vim-bundler/plugin/bundler.vim
139.044  001.573  001.573: sourcing /home/roberto/.vim/bundle/vim-rake/plugin/rake.vim
139.638  000.347  000.347: sourcing /home/roberto/.vim/bundle/vim-textobj-user/autoload/textobj/user.vim
145.579  006.461  006.114: sourcing /home/roberto/.vim/bundle/vim-textobj-rubyblock/plugin/textobj/rubyblock.vim
145.823  000.026  000.026: sourcing /home/roberto/.vim/bundle/vim-ruby-refactoring/plugin/refactorings/general/addparameter.vim
145.860  000.018  000.018: sourcing /home/roberto/.vim/bundle/vim-ruby-refactoring/plugin/refactorings/general/addparameternb.vim
145.894  000.017  000.017: sourcing /home/roberto/.vim/bundle/vim-ruby-refactoring/plugin/refactorings/general/extractconstant.vim
146.072  000.161  000.161: sourcing /home/roberto/.vim/bundle/vim-ruby-refactoring/plugin/refactorings/general/extractmethod.vim
146.126  000.024  000.024: sourcing /home/roberto/.vim/bundle/vim-ruby-refactoring/plugin/refactorings/general/extractvariable.vim
146.165  000.021  000.021: sourcing /home/roberto/.vim/bundle/vim-ruby-refactoring/plugin/refactorings/general/inlinetemp.vim
146.205  000.022  000.022: sourcing /home/roberto/.vim/bundle/vim-ruby-refactoring/plugin/refactorings/general/introducevariable.vim
146.259  000.038  000.038: sourcing /home/roberto/.vim/bundle/vim-ruby-refactoring/plugin/refactorings/general/postconditional.vim
146.304  000.027  000.027: sourcing /home/roberto/.vim/bundle/vim-ruby-refactoring/plugin/refactorings/general/renameinstancevariable.vim
146.337  000.016  000.016: sourcing /home/roberto/.vim/bundle/vim-ruby-refactoring/plugin/refactorings/general/renamelocalvariable.vim
146.365  000.012  000.012: sourcing /home/roberto/.vim/bundle/vim-ruby-refactoring/plugin/refactorings/general/rspec_extractlet.vim
147.692  001.307  001.307: sourcing /home/roberto/.vim/bundle/vim-ruby-refactoring/plugin/ruby-refactoring.vim
147.801  000.055  000.055: sourcing /home/roberto/.vim/bundle/apidock.vim/plugin/apidock.vim
149.021  000.882  000.882: sourcing /home/roberto/.vim/bundle/VimClojure/autoload/vimclojure.vim
149.895  001.945  001.063: sourcing /home/roberto/.vim/bundle/VimClojure/plugin/clojure.vim
150.212  000.230  000.230: sourcing /home/roberto/.vim/bundle/vim-gitignore/plugin/gitignore.vim
150.782  000.517  000.517: sourcing /home/roberto/.vim/bundle/vim-space/plugin/space.vim
150.904  000.059  000.059: sourcing /home/roberto/.vim/bundle/gist-vim/plugin/gist.vim
152.907  001.950  001.950: sourcing /home/roberto/.vim/bundle/zencoding-vim/plugin/zencoding.vim
152.989  000.021  000.021: sourcing /home/roberto/.vim/bundle/vim-matchit/plugin/matchit.vim
153.653  000.615  000.615: sourcing /home/roberto/.vim/plugin/CSApprox.vim
154.927  000.773  000.773: sourcing /usr/share/vim/vimfiles/plugin/DoxygenToolkit.vim
154.961  000.013  000.013: sourcing /usr/share/vim/vimfiles/plugin/NERD_commenter.vim
154.992  000.015  000.015: sourcing /usr/share/vim/vimfiles/plugin/NERD_tree.vim
155.158  000.151  000.151: sourcing /usr/share/vim/vimfiles/plugin/SyntaxFolds.vim
177.192  022.017  022.017: sourcing /usr/share/vim/vimfiles/plugin/UltiSnips.vim
178.245  001.022  001.022: sourcing /usr/share/vim/vimfiles/plugin/a.vim
179.200  000.933  000.933: sourcing /usr/share/vim/vimfiles/plugin/bufexplorer.vim
179.755  000.532  000.532: sourcing /usr/share/vim/vimfiles/plugin/buftabs.vim
180.013  000.238  000.238: sourcing /usr/share/vim/vimfiles/plugin/filebrowser.vim
180.208  000.174  000.174: sourcing /usr/share/vim/vimfiles/plugin/guicolorscheme.vim
180.839  000.611  000.611: sourcing /usr/share/vim/vimfiles/plugin/imaps.vim
180.965  000.105  000.105: sourcing /usr/share/vim/vimfiles/plugin/libList.vim
182.381  001.397  001.397: sourcing /usr/share/vim/vimfiles/plugin/minibufexpl.vim
182.955  000.552  000.552: sourcing /usr/share/vim/vimfiles/plugin/netrwPlugin.vim
183.724  000.744  000.744: sourcing /usr/share/vim/vimfiles/plugin/project.vim
183.845  000.097  000.097: sourcing /usr/share/vim/vimfiles/plugin/remoteOpen.vim
183.891  000.025  000.025: sourcing /usr/share/vim/vimfiles/plugin/snipMate_compatibility.vim
184.108  000.200  000.200: sourcing /usr/share/vim/vimfiles/plugin/taglist.vim
187.065  002.720  002.720: sourcing /usr/share/vim/vimfiles/plugin/vcscommand.vim
187.275  003.148  000.428: sourcing /usr/share/vim/vimfiles/plugin/vcsbzr.vim
187.398  000.101  000.101: sourcing /usr/share/vim/vimfiles/plugin/vcscommand.vim
187.488  000.073  000.073: sourcing /usr/share/vim/vimfiles/plugin/vcscvs.vim
187.707  000.201  000.201: sourcing /usr/share/vim/vimfiles/plugin/vcsgit.vim
187.786  000.058  000.058: sourcing /usr/share/vim/vimfiles/plugin/vcshg.vim
187.858  000.053  000.053: sourcing /usr/share/vim/vimfiles/plugin/vcssvk.vim
188.092  000.217  000.217: sourcing /usr/share/vim/vimfiles/plugin/vcssvn.vim
189.053  000.937  000.937: sourcing /usr/share/vim/vimfiles/plugin/workspace.vim
189.266  000.067  000.067: sourcing /usr/share/vim/vim73/plugin/getscriptPlugin.vim
189.469  000.184  000.184: sourcing /usr/share/vim/vim73/plugin/gzip.vim
189.637  000.148  000.148: sourcing /usr/share/vim/vim73/plugin/matchparen.vim
189.692  000.026  000.026: sourcing /usr/share/vim/vim73/plugin/netrwPlugin.vim
189.745  000.036  000.036: sourcing /usr/share/vim/vim73/plugin/rrhelper.vim
189.795  000.034  000.034: sourcing /usr/share/vim/vim73/plugin/spellfile.vim
189.989  000.164  000.164: sourcing /usr/share/vim/vim73/plugin/tarPlugin.vim
190.773  000.766  000.766: sourcing /usr/share/vim/vim73/plugin/themes.vim
190.870  000.076  000.076: sourcing /usr/share/vim/vim73/plugin/tohtml.vim
191.039  000.151  000.151: sourcing /usr/share/vim/vim73/plugin/vimballPlugin.vim
191.197  000.137  000.137: sourcing /usr/share/vim/vim73/plugin/zipPlugin.vim
191.404  000.158  000.158: sourcing /usr/share/vim/vimfiles/after/plugin/UltiSnips_after.vim
209.447  000.052  000.052: sourcing /home/roberto/.vim/autoload/csapprox/per_component.vim
209.716  000.057  000.057: sourcing /home/roberto/.vim/autoload/csapprox/common.vim
210.524  000.023  000.023: sourcing /usr/share/vim/vim73/syntax/syncolor.vim
231.418  002.143  002.143: sourcing /home/roberto/.vim/autoload/csapprox.vim
240.330  000.025  000.025: sourcing /usr/share/vim/vim73/syntax/syncolor.vim
240.677  049.215  046.915: sourcing /home/roberto/.vim/after/plugin/CSApprox.vim
241.031  000.278  000.278: sourcing /home/roberto/.vim/bindings.vim
241.074  000.013  000.013: sourcing /home/roberto/.vim/plugins-override.vim
241.147  000.415  000.124: sourcing /home/roberto/.vim/after.vim
241.153  000.446  000.031: sourcing /home/roberto/.vim/after/plugin/after.vim
241.873  000.589  000.589: sourcing /home/roberto/.vim/bundle/snipmate.vim/after/plugin/snipMate.vim
242.230  004.757: loading plugins
242.246  000.016: inits 3
242.344  000.098: reading viminfo
244.691  002.347: setup clipboard
244.728  000.037: setting raw mode
244.729  000.001: start termcap
244.746  000.017: clearing screen
245.072  000.326: opening buffers
249.420  004.348: BufEnter autocommands
249.422  000.002: editing files in windows
290.831  000.287  000.287: sourcing /home/roberto/.vim/bundle/vim-powerline/autoload/Pl.vim
291.806  000.818  000.818: sourcing /home/roberto/dotvim/bundle/vim-powerline/Powerline_default_default_compatible.cache
293.322  000.036  000.036: sourcing /home/roberto/.vim/bundle/vim-powerline/autoload/Pl/Match.vim
296.481  000.014  000.014: sourcing /home/roberto/.vim/bundle/vim-rails/autoload/rails.vim
300.237  004.489  004.475: sourcing /home/roberto/.vim/bundle/vim-rails/autoload/rails.vim
617.091  000.200  000.200: sourcing /home/roberto/.vim/bundle/vim-powerline/autoload/Powerline/Functions.vim
617.242  000.015  000.015: sourcing /home/roberto/.vim/bundle/vim-powerline/autoload/Powerline/Functions/fugitive.vim
617.418  000.020  000.020: sourcing /home/roberto/.vim/bundle/vim-powerline/autoload/Powerline/Functions/syntastic.vim
618.094  362.807: VimEnter autocommands
618.096  000.002: before starting main loop
618.782  000.686: first screen update
618.783  000.001: --- VIM STARTED ---
